[0.008s] Invoking command in '/mnt/localcodebase/ros2_ws/src/my_bot/build/my_bot': CMAKE_PREFIX_PATH=${CMAKE_PREFIX_PATH}:/opt/ros/jazzy DEBUGINFOD_URLS=https://debuginfod.ubuntu.com /usr/bin/cmake /mnt/localcodebase/ros2_ws/src/my_bot -DAMENT_CMAKE_SYMLINK_INSTALL=1 -DCMAKE_INSTALL_PREFIX=/mnt/localcodebase/ros2_ws/src/my_bot/install/my_bot
[0.054s] -- The C compiler identification is GNU 13.3.0
[0.098s] -- The CXX compiler identification is GNU 13.3.0
[0.111s] -- Detecting C compiler ABI info
[0.183s] -- Detecting C compiler ABI info - done
[0.193s] -- Check for working C compiler: /usr/bin/cc - skipped
[0.194s] -- Detecting C compile features
[0.194s] -- Detecting C compile features - done
[0.203s] -- Detecting CXX compiler ABI info
[0.287s] -- Detecting CXX compiler ABI info - done
[0.296s] -- Check for working CXX compiler: /usr/bin/c++ - skipped
[0.296s] -- Detecting CXX compile features
[0.296s] -- Detecting CXX compile features - done
[0.300s] -- Found ament_cmake: 2.5.3 (/opt/ros/jazzy/share/ament_cmake/cmake)
[0.426s] -- Found Python3: /usr/bin/python3 (found version "3.12.3") found components: Interpreter 
[0.483s] -- Override CMake install command with custom implementation using symlinks instead of copying resources
[0.521s] -- Found ament_lint_auto: 0.17.2 (/opt/ros/jazzy/share/ament_lint_auto/cmake)
[0.620s] -- Added test 'copyright' to check source files copyright and LICENSE
[0.626s] -- Added test 'cppcheck' to perform static code analysis on C / C++ code
[0.626s] -- Configured cppcheck include dirs: 
[0.626s] -- Configured cppcheck exclude dirs and/or files: 
[0.631s] -- Added test 'cpplint' to check C / C++ code against the Google style
[0.632s] -- Configured cpplint exclude dirs and/or files: 
[0.633s] -- Added test 'flake8' to check Python code syntax and style conventions
[0.633s] -- Configured 'flake8' exclude dirs and/or files: 
[0.635s] -- Added test 'lint_cmake' to check CMake code style
[0.637s] -- Added test 'pep257' to check Python code against some of the docstring style conventions in PEP 257
[0.642s] -- Added test 'uncrustify' to check C / C++ code style
[0.642s] -- Configured uncrustify additional arguments: 
[0.643s] -- Added test 'xmllint' to check XML markup files
[0.645s] -- Configuring done (0.6s)
[0.647s] -- Generating done (0.0s)
[0.649s] -- Build files have been written to: /mnt/localcodebase/ros2_ws/src/my_bot/build/my_bot
[0.653s] Invoked command in '/mnt/localcodebase/ros2_ws/src/my_bot/build/my_bot' returned '0': CMAKE_PREFIX_PATH=${CMAKE_PREFIX_PATH}:/opt/ros/jazzy DEBUGINFOD_URLS=https://debuginfod.ubuntu.com /usr/bin/cmake /mnt/localcodebase/ros2_ws/src/my_bot -DAMENT_CMAKE_SYMLINK_INSTALL=1 -DCMAKE_INSTALL_PREFIX=/mnt/localcodebase/ros2_ws/src/my_bot/install/my_bot
[0.654s] Invoking command in '/mnt/localcodebase/ros2_ws/src/my_bot/build/my_bot': CMAKE_PREFIX_PATH=${CMAKE_PREFIX_PATH}:/opt/ros/jazzy DEBUGINFOD_URLS=https://debuginfod.ubuntu.com /usr/bin/cmake --build /mnt/localcodebase/ros2_ws/src/my_bot/build/my_bot -- -j16 -l16
[0.683s] Invoked command in '/mnt/localcodebase/ros2_ws/src/my_bot/build/my_bot' returned '0': CMAKE_PREFIX_PATH=${CMAKE_PREFIX_PATH}:/opt/ros/jazzy DEBUGINFOD_URLS=https://debuginfod.ubuntu.com /usr/bin/cmake --build /mnt/localcodebase/ros2_ws/src/my_bot/build/my_bot -- -j16 -l16
[0.690s] Invoking command in '/mnt/localcodebase/ros2_ws/src/my_bot/build/my_bot': CMAKE_PREFIX_PATH=${CMAKE_PREFIX_PATH}:/opt/ros/jazzy DEBUGINFOD_URLS=https://debuginfod.ubuntu.com /usr/bin/cmake --install /mnt/localcodebase/ros2_ws/src/my_bot/build/my_bot
[0.696s] -- Install configuration: ""
[0.696s] -- Execute custom install script
[0.696s] -- Symlinking: /mnt/localcodebase/ros2_ws/src/my_bot/install/my_bot/share/my_bot/config/empty.yaml
[0.704s] -- Symlinking: /mnt/localcodebase/ros2_ws/src/my_bot/install/my_bot/share/my_bot/config/my_bot.rviz
[0.712s] -- Symlinking: /mnt/localcodebase/ros2_ws/src/my_bot/install/my_bot/share/my_bot/description/gazebo_control.xacro
[0.719s] -- Symlinking: /mnt/localcodebase/ros2_ws/src/my_bot/install/my_bot/share/my_bot/description/inertial_macros.xacro
[0.725s] -- Symlinking: /mnt/localcodebase/ros2_ws/src/my_bot/install/my_bot/share/my_bot/description/robot.urdf.xacro
[0.732s] -- Symlinking: /mnt/localcodebase/ros2_ws/src/my_bot/install/my_bot/share/my_bot/description/robot_core.xacro
[0.738s] -- Symlinking: /mnt/localcodebase/ros2_ws/src/my_bot/install/my_bot/share/my_bot/launch/launch_sim.launch.py
[0.745s] -- Symlinking: /mnt/localcodebase/ros2_ws/src/my_bot/install/my_bot/share/my_bot/launch/rsp.launch.py
[0.751s] -- Symlinking: /mnt/localcodebase/ros2_ws/src/my_bot/install/my_bot/share/my_bot/worlds/empty.world
[0.759s] -- Symlinking: /mnt/localcodebase/ros2_ws/src/my_bot/install/my_bot/share/ament_index/resource_index/package_run_dependencies/my_bot
[0.766s] -- Symlinking: /mnt/localcodebase/ros2_ws/src/my_bot/install/my_bot/share/ament_index/resource_index/parent_prefix_path/my_bot
[0.773s] -- Symlinking: /mnt/localcodebase/ros2_ws/src/my_bot/install/my_bot/share/my_bot/environment/ament_prefix_path.sh
[0.779s] -- Symlinking: /mnt/localcodebase/ros2_ws/src/my_bot/install/my_bot/share/my_bot/environment/ament_prefix_path.dsv
[0.786s] -- Symlinking: /mnt/localcodebase/ros2_ws/src/my_bot/install/my_bot/share/my_bot/environment/path.sh
[0.792s] -- Symlinking: /mnt/localcodebase/ros2_ws/src/my_bot/install/my_bot/share/my_bot/environment/path.dsv
[0.799s] -- Symlinking: /mnt/localcodebase/ros2_ws/src/my_bot/install/my_bot/share/my_bot/local_setup.bash
[0.807s] -- Symlinking: /mnt/localcodebase/ros2_ws/src/my_bot/install/my_bot/share/my_bot/local_setup.sh
[0.814s] -- Symlinking: /mnt/localcodebase/ros2_ws/src/my_bot/install/my_bot/share/my_bot/local_setup.zsh
[0.820s] -- Symlinking: /mnt/localcodebase/ros2_ws/src/my_bot/install/my_bot/share/my_bot/local_setup.dsv
[0.827s] -- Symlinking: /mnt/localcodebase/ros2_ws/src/my_bot/install/my_bot/share/my_bot/package.dsv
[0.833s] -- Symlinking: /mnt/localcodebase/ros2_ws/src/my_bot/install/my_bot/share/ament_index/resource_index/packages/my_bot
[0.840s] -- Symlinking: /mnt/localcodebase/ros2_ws/src/my_bot/install/my_bot/share/my_bot/cmake/my_botConfig.cmake
[0.846s] -- Symlinking: /mnt/localcodebase/ros2_ws/src/my_bot/install/my_bot/share/my_bot/cmake/my_botConfig-version.cmake
[0.853s] -- Symlinking: /mnt/localcodebase/ros2_ws/src/my_bot/install/my_bot/share/my_bot/package.xml
[0.862s] Invoked command in '/mnt/localcodebase/ros2_ws/src/my_bot/build/my_bot' returned '0': CMAKE_PREFIX_PATH=${CMAKE_PREFIX_PATH}:/opt/ros/jazzy DEBUGINFOD_URLS=https://debuginfod.ubuntu.com /usr/bin/cmake --install /mnt/localcodebase/ros2_ws/src/my_bot/build/my_bot
