[0.011s] Invoking command in '/mnt/localcodebase/ros2_ws/src/my_bot/build/my_bot': CMAKE_PREFIX_PATH=${CMAKE_PREFIX_PATH}:/opt/ros/jazzy DEBUGINFOD_URLS=https://debuginfod.ubuntu.com /usr/bin/cmake --build /mnt/localcodebase/ros2_ws/src/my_bot/build/my_bot -- -j16 -l16
[0.042s] Invoked command in '/mnt/localcodebase/ros2_ws/src/my_bot/build/my_bot' returned '0': CMAKE_PREFIX_PATH=${CMAKE_PREFIX_PATH}:/opt/ros/jazzy DEBUGINFOD_URLS=https://debuginfod.ubuntu.com /usr/bin/cmake --build /mnt/localcodebase/ros2_ws/src/my_bot/build/my_bot -- -j16 -l16
[0.050s] Invoking command in '/mnt/localcodebase/ros2_ws/src/my_bot/build/my_bot': CMAKE_PREFIX_PATH=${CMAKE_PREFIX_PATH}:/opt/ros/jazzy DEBUGINFOD_URLS=https://debuginfod.ubuntu.com /usr/bin/cmake --install /mnt/localcodebase/ros2_ws/src/my_bot/build/my_bot
[0.057s] -- Install configuration: ""
[0.057s] -- Execute custom install script
[0.057s] -- Up-to-date symlink: /mnt/localcodebase/ros2_ws/src/my_bot/install/my_bot/share/my_bot/config/empty.yaml
[0.057s] -- Up-to-date symlink: /mnt/localcodebase/ros2_ws/src/my_bot/install/my_bot/share/my_bot/config/my_bot.rviz
[0.058s] -- Up-to-date symlink: /mnt/localcodebase/ros2_ws/src/my_bot/install/my_bot/share/my_bot/description/gazebo_control.xacro
[0.058s] -- Up-to-date symlink: /mnt/localcodebase/ros2_ws/src/my_bot/install/my_bot/share/my_bot/description/inertial_macros.xacro
[0.058s] -- Up-to-date symlink: /mnt/localcodebase/ros2_ws/src/my_bot/install/my_bot/share/my_bot/description/robot.urdf.xacro
[0.059s] -- Up-to-date symlink: /mnt/localcodebase/ros2_ws/src/my_bot/install/my_bot/share/my_bot/description/robot_core.xacro
[0.059s] -- Up-to-date symlink: /mnt/localcodebase/ros2_ws/src/my_bot/install/my_bot/share/my_bot/launch/launch_sim.launch.py
[0.059s] -- Up-to-date symlink: /mnt/localcodebase/ros2_ws/src/my_bot/install/my_bot/share/my_bot/launch/rsp.launch.py
[0.059s] -- Up-to-date symlink: /mnt/localcodebase/ros2_ws/src/my_bot/install/my_bot/share/my_bot/worlds/empty.world
[0.059s] -- Up-to-date symlink: /mnt/localcodebase/ros2_ws/src/my_bot/install/my_bot/share/ament_index/resource_index/package_run_dependencies/my_bot
[0.059s] -- Up-to-date symlink: /mnt/localcodebase/ros2_ws/src/my_bot/install/my_bot/share/ament_index/resource_index/parent_prefix_path/my_bot
[0.060s] -- Up-to-date symlink: /mnt/localcodebase/ros2_ws/src/my_bot/install/my_bot/share/my_bot/environment/ament_prefix_path.sh
[0.060s] -- Up-to-date symlink: /mnt/localcodebase/ros2_ws/src/my_bot/install/my_bot/share/my_bot/environment/ament_prefix_path.dsv
[0.060s] -- Up-to-date symlink: /mnt/localcodebase/ros2_ws/src/my_bot/install/my_bot/share/my_bot/environment/path.sh
[0.060s] -- Up-to-date symlink: /mnt/localcodebase/ros2_ws/src/my_bot/install/my_bot/share/my_bot/environment/path.dsv
[0.061s] -- Up-to-date symlink: /mnt/localcodebase/ros2_ws/src/my_bot/install/my_bot/share/my_bot/local_setup.bash
[0.061s] -- Up-to-date symlink: /mnt/localcodebase/ros2_ws/src/my_bot/install/my_bot/share/my_bot/local_setup.sh
[0.061s] -- Up-to-date symlink: /mnt/localcodebase/ros2_ws/src/my_bot/install/my_bot/share/my_bot/local_setup.zsh
[0.061s] -- Up-to-date symlink: /mnt/localcodebase/ros2_ws/src/my_bot/install/my_bot/share/my_bot/local_setup.dsv
[0.061s] -- Symlinking: /mnt/localcodebase/ros2_ws/src/my_bot/install/my_bot/share/my_bot/package.dsv
[0.068s] -- Up-to-date symlink: /mnt/localcodebase/ros2_ws/src/my_bot/install/my_bot/share/ament_index/resource_index/packages/my_bot
[0.068s] -- Up-to-date symlink: /mnt/localcodebase/ros2_ws/src/my_bot/install/my_bot/share/my_bot/cmake/my_botConfig.cmake
[0.069s] -- Up-to-date symlink: /mnt/localcodebase/ros2_ws/src/my_bot/install/my_bot/share/my_bot/cmake/my_botConfig-version.cmake
[0.069s] -- Up-to-date symlink: /mnt/localcodebase/ros2_ws/src/my_bot/install/my_bot/share/my_bot/package.xml
[0.070s] Invoked command in '/mnt/localcodebase/ros2_ws/src/my_bot/build/my_bot' returned '0': CMAKE_PREFIX_PATH=${CMAKE_PREFIX_PATH}:/opt/ros/jazzy DEBUGINFOD_URLS=https://debuginfod.ubuntu.com /usr/bin/cmake --install /mnt/localcodebase/ros2_ws/src/my_bot/build/my_bot
